<?xml version="1.0" encoding="UTF-8"?>
<!-- Generated by org.testng.reporters.JUnitXMLReporter -->
<testsuite hostname="Refaques-MacBook-Pro.local" name="Tests in Chrome2" tests="3" failures="0" timestamp="21 Sep 2017 10:05:51 GMT" time="42.971" errors="0">
  <testcase name="feature" time="20.576" classname="com.atwStaffUI.runners.RunCukesTestInChrome"/>
  <testcase name="Tests in Chrome2 - feature - chrome v:61.0.3163.79 LINUX" time="8.744" classname="com.atwStaffUI.runners.RunCukesTestInChrome"/>
  <testcase name="Tests in Chrome2 - Tests in Chrome2 - feature - chrome v:61.0.3163.79 LINUX - chrome v:61.0.3163.79 LINUX" time="12.726" classname="com.atwStaffUI.runners.RunCukesTestInChrome"/>
</testsuite> <!-- Tests in Chrome2 -->
