<?xml version="1.0" encoding="UTF-8"?>
<!-- Generated by org.testng.reporters.JUnitReportReporter -->
<testsuite hostname="DESKTOP-026P67P" name="com.HotelBooking.runners.RunCukesSingleBrowser" tests="1" failures="1" timestamp="20 Feb 2018 21:40:35 GMT" time="233.131" errors="0">
  <testcase name="Tests in Single Browser - feature - firefox v: ANY" time="233.131" classname="com.HotelBooking.runners.RunCukesSingleBrowser">
    <failure type="cucumber.runtime.CucumberException" message="java.lang.AssertionError: Product colour doesn&#039;t match">
      <![CDATA[cucumber.runtime.CucumberException: java.lang.AssertionError: Product colour doesn't match
	at cucumber.api.testng.TestNGCucumberRunner.runCucumber(TestNGCucumberRunner.java:69)
	at cucumber.api.testng.AbstractTestNGCucumberTests.feature(AbstractTestNGCucumberTests.java:21)
	at sun.reflect.NativeMethodAccessorImpl.invoke0(Native Method)
	at sun.reflect.NativeMethodAccessorImpl.invoke(NativeMethodAccessorImpl.java:62)
	at sun.reflect.DelegatingMethodAccessorImpl.invoke(DelegatingMethodAccessorImpl.java:43)
	at java.lang.reflect.Method.invoke(Method.java:498)
	at org.testng.internal.MethodInvocationHelper.invokeMethod(MethodInvocationHelper.java:84)
	at org.testng.internal.Invoker.invokeMethod(Invoker.java:714)
	at org.testng.internal.Invoker.invokeTestMethod(Invoker.java:901)
	at org.testng.internal.Invoker.invokeTestMethods(Invoker.java:1231)
	at org.testng.internal.TestMethodWorker.invokeTestMethods(TestMethodWorker.java:127)
	at org.testng.internal.TestMethodWorker.run(TestMethodWorker.java:111)
	at org.testng.TestRunner.privateRun(TestRunner.java:767)
	at org.testng.TestRunner.run(TestRunner.java:617)
	at org.testng.SuiteRunner.runTest(SuiteRunner.java:334)
	at org.testng.SuiteRunner.runSequentially(SuiteRunner.java:329)
	at org.testng.SuiteRunner.privateRun(SuiteRunner.java:291)
	at org.testng.SuiteRunner.run(SuiteRunner.java:240)
	at org.testng.SuiteRunnerWorker.runSuite(SuiteRunnerWorker.java:52)
	at org.testng.SuiteRunnerWorker.run(SuiteRunnerWorker.java:86)
	at org.testng.TestNG.runSuitesSequentially(TestNG.java:1224)
	at org.testng.TestNG.runSuitesLocally(TestNG.java:1149)
	at org.testng.TestNG.run(TestNG.java:1057)
	at org.testng.remote.AbstractRemoteTestNG.run(AbstractRemoteTestNG.java:132)
	at org.testng.remote.RemoteTestNG.initAndRun(RemoteTestNG.java:230)
	at org.testng.remote.RemoteTestNG.main(RemoteTestNG.java:76)
Caused by: java.lang.AssertionError: Product colour doesn't match
	at org.testng.Assert.fail(Assert.java:94)
	at com.HotelBooking.pages.OrderHistoryPage.verifyPdtColor(OrderHistoryPage.java:81)
	at com.HotelBooking.stepDefinitions.OrderHistPgSteps.i_verify_the_color_of_item_is(OrderHistPgSteps.java:54)
	at âœ½.Then I verify the color of item "Printed Dress" is "Red"(hotelBooking.feature:62)
]]>
    </failure>
  </testcase> <!-- Tests in Single Browser - feature - firefox v: ANY -->
</testsuite> <!-- com.HotelBooking.runners.RunCukesSingleBrowser -->
